16:21:05 INFO  : Registering command handlers for SDK TCF services
16:21:14 INFO  : Launching XSCT server: xsct -n -interactive /home/jltm/Documents/VivadoProjects/SecureBoot/SecureBoot.sdk/temp_xsdb_launch_script.tcl
16:21:18 INFO  : XSCT server has started successfully.
16:21:18 INFO  : Successfully done setting XSCT server connection channel  
16:21:24 INFO  : Successfully done setting SDK workspace  
16:21:24 INFO  : Processing command line option -hwspec /home/jltm/Documents/VivadoProjects/SecureBoot/SecureBoot.sdk/zybo_design_1_wrapper.hdf.
16:27:40 INFO  : Invoking Bootgen: bootgen -image fsbl.bif -arch zynq -o /home/jltm/Documents/VivadoProjects/SecureBoot/SecureBoot.sdk/fsbl/bootimage/BOOT.mcs
16:27:40 INFO  : Creating new bif file /home/jltm/Documents/VivadoProjects/SecureBoot/SecureBoot.sdk/fsbl/bootimage/fsbl.bif
16:27:40 INFO  : Bootgen command execution is done.
09:03:00 INFO  : Registering command handlers for SDK TCF services
09:03:01 INFO  : Launching XSCT server: xsct -n -interactive /home/jltm/Documents/VivadoProjects/SecureBoot/SecureBoot.sdk/temp_xsdb_launch_script.tcl
09:03:04 INFO  : XSCT server has started successfully.
09:03:04 INFO  : Successfully done setting XSCT server connection channel  
09:03:11 INFO  : Successfully done setting SDK workspace  
09:03:11 INFO  : Processing command line option -hwspec /home/jltm/Documents/VivadoProjects/SecureBoot/SecureBoot.sdk/zybo_design_1_wrapper.hdf.
09:03:15 INFO  : Checking for hwspec changes in the project zybo_design_1_wrapper_hw_platform_0.
09:58:48 INFO  : Registering command handlers for SDK TCF services
09:58:48 INFO  : Launching XSCT server: xsct -n -interactive /home/jltm/Documents/VivadoProjects/SecureBoot/SecureBoot.sdk/temp_xsdb_launch_script.tcl
09:58:49 INFO  : XSCT server has started successfully.
09:58:49 INFO  : Successfully done setting XSCT server connection channel  
09:58:49 INFO  : Successfully done setting SDK workspace  
09:58:49 INFO  : Processing command line option -hwspec /home/jltm/Documents/VivadoProjects/SecureBoot/SecureBoot.sdk/zybo_design_1_wrapper.hdf.
09:58:49 INFO  : Checking for hwspec changes in the project zybo_design_1_wrapper_hw_platform_0.
10:30:38 INFO  : Registering command handlers for SDK TCF services
10:30:39 INFO  : Launching XSCT server: xsct -n -interactive /home/jltm/Documents/VivadoProjects/SecureBoot/SecureBoot.sdk/temp_xsdb_launch_script.tcl
10:30:42 INFO  : XSCT server has started successfully.
10:30:49 INFO  : Successfully done setting XSCT server connection channel  
10:30:49 INFO  : Successfully done setting SDK workspace  
10:30:49 INFO  : Processing command line option -hwspec /home/jltm/Documents/VivadoProjects/SecureBoot/SecureBoot.sdk/zybo_design_1_wrapper.hdf.
10:30:49 INFO  : Checking for hwspec changes in the project zybo_design_1_wrapper_hw_platform_0.
11:05:10 INFO  : SDK has detected change in the last modified timestamps for source hardware specification file Source:1493719434000,  Project:1493477743000
11:05:10 INFO  : Project zybo_design_1_wrapper_hw_platform_0's source hardware specification located at /home/jltm/Documents/VivadoProjects/SecureBoot/SecureBoot.sdk/zybo_design_1_wrapper.hdf is now different from the local copy.
		 The local copy will be replaced with the source specification and your workspace will be updated.
11:05:27 INFO  : Copied contents of /home/jltm/Documents/VivadoProjects/SecureBoot/SecureBoot.sdk/zybo_design_1_wrapper.hdf into /zybo_design_1_wrapper_hw_platform_0/system.hdf.
11:05:41 INFO  : Synchronizing projects in the workspace with the hardware platform specification changes.
11:05:44 INFO  : 
11:05:45 INFO  : Updating hardware inferred compiler options for fsbl.
11:05:45 INFO  : Clearing existing target manager status.
11:05:50 INFO  : Workspace synchronized with the new hardware specification file. Cleaning dependent projects...
11:05:50 WARN  : Linker script will not be updated automatically. Users need to update it manually.
12:02:20 ERROR : Unexpected error while parsing XMD response ￿: com.google.gson.JsonSyntaxException: com.google.gson.stream.MalformedJsonException: invalid number or unquoted string near 
13:28:51 INFO  : Registering command handlers for SDK TCF services
13:28:53 INFO  : Launching XSCT server: xsct -n -interactive /home/jltm/Documents/VivadoProjects/SecureBoot/SecureBoot.sdk/temp_xsdb_launch_script.tcl
13:28:58 INFO  : XSCT server has started successfully.
13:29:06 INFO  : Successfully done setting XSCT server connection channel  
13:29:07 INFO  : Processing command line option -hwspec /home/jltm/Documents/VivadoProjects/SecureBoot/SecureBoot.sdk/zybo_design_1_wrapper.hdf.
13:29:09 INFO  : Successfully done setting SDK workspace  
13:29:10 INFO  : Checking for hwspec changes in the project zybo_design_1_wrapper_hw_platform_0.
13:32:09 INFO  : Invoking Bootgen: bootgen -image fsbl.bif -arch zynq -o /home/jltm/Documents/VivadoProjects/SecureBoot/SecureBoot.sdk/fsbl/bootimage/BOOT.mcs -w on
13:32:09 INFO  : Bootgen command execution is done.
13:38:28 INFO  : Registering command handlers for SDK TCF services
13:38:30 INFO  : Launching XSCT server: xsct -n -interactive /home/jltm/Documents/VivadoProjects/SecureBoot/SecureBoot.sdk/temp_xsdb_launch_script.tcl
13:38:33 INFO  : XSCT server has started successfully.
13:38:40 INFO  : Successfully done setting XSCT server connection channel  
13:38:40 INFO  : Processing command line option -hwspec /home/jltm/Documents/VivadoProjects/SecureBoot/SecureBoot.sdk/zybo_design_1_wrapper.hdf.
13:38:43 INFO  : Successfully done setting SDK workspace  
13:38:43 INFO  : Checking for hwspec changes in the project zybo_design_1_wrapper_hw_platform_0.
14:00:49 INFO  : Registering command handlers for SDK TCF services
14:00:49 INFO  : Launching XSCT server: xsct -n -interactive /home/jltm/Documents/VivadoProjects/SecureBoot/SecureBoot.sdk/temp_xsdb_launch_script.tcl
14:00:50 INFO  : XSCT server has started successfully.
14:00:50 INFO  : Successfully done setting XSCT server connection channel  
14:00:50 INFO  : Successfully done setting SDK workspace  
14:00:50 INFO  : Processing command line option -hwspec /home/jltm/Documents/VivadoProjects/SecureBoot/SecureBoot.sdk/zybo_design_1_wrapper.hdf.
14:00:50 INFO  : Checking for hwspec changes in the project zybo_design_1_wrapper_hw_platform_0.
14:26:51 INFO  : Connected to target on host '127.0.0.1' and port '3121'.
14:27:10 INFO  : Connected to target on host '127.0.0.1' and port '3121'.
14:27:57 INFO  : Connected to target on host '127.0.0.1' and port '3121'.
15:49:39 INFO  : Registering command handlers for SDK TCF services
15:49:39 INFO  : Launching XSCT server: xsct -n -interactive /home/jltm/Documents/VivadoProjects/SecureBoot/SecureBoot.sdk/temp_xsdb_launch_script.tcl
15:49:40 INFO  : XSCT server has started successfully.
15:49:41 INFO  : Successfully done setting XSCT server connection channel  
15:49:41 INFO  : Successfully done setting SDK workspace  
15:49:41 INFO  : Processing command line option -hwspec /home/jltm/Documents/VivadoProjects/SecureBoot/SecureBoot.sdk/zybo_design_1_wrapper.hdf.
15:49:41 INFO  : Checking for hwspec changes in the project zybo_design_1_wrapper_hw_platform_0.
15:50:35 INFO  : Registering command handlers for SDK TCF services
15:50:36 INFO  : Launching XSCT server: xsct -n -interactive /home/jltm/Documents/VivadoProjects/SecureBoot/SecureBoot.sdk/temp_xsdb_launch_script.tcl
15:50:37 INFO  : XSCT server has started successfully.
15:50:37 INFO  : Successfully done setting XSCT server connection channel  
15:50:37 INFO  : Successfully done setting SDK workspace  
15:50:37 INFO  : Processing command line option -hwspec /home/jltm/Documents/VivadoProjects/SecureBoot/SecureBoot.sdk/zybo_design_1_wrapper.hdf.
15:50:37 INFO  : Checking for hwspec changes in the project zybo_design_1_wrapper_hw_platform_0.
15:53:41 INFO  : Registering command handlers for SDK TCF services
15:53:41 INFO  : Launching XSCT server: xsct -n -interactive /home/jltm/Documents/VivadoProjects/SecureBoot/SecureBoot.sdk/temp_xsdb_launch_script.tcl
15:53:42 INFO  : XSCT server has started successfully.
15:53:42 INFO  : Successfully done setting XSCT server connection channel  
15:53:42 INFO  : Successfully done setting SDK workspace  
15:53:42 INFO  : Processing command line option -hwspec /home/jltm/Documents/VivadoProjects/SecureBoot/SecureBoot.sdk/zybo_design_1_wrapper.hdf.
15:53:43 INFO  : Checking for hwspec changes in the project zybo_design_1_wrapper_hw_platform_0.
21:31:37 INFO  : Registering command handlers for SDK TCF services
21:31:38 INFO  : Launching XSCT server: xsct -n -interactive /home/jltm/Documents/VivadoProjects/SecureBoot/SecureBoot.sdk/temp_xsdb_launch_script.tcl
21:31:42 INFO  : XSCT server has started successfully.
21:31:47 INFO  : Successfully done setting XSCT server connection channel  
21:31:47 INFO  : Successfully done setting SDK workspace  
21:31:48 INFO  : Processing command line option -hwspec /home/jltm/Documents/VivadoProjects/SecureBoot/SecureBoot.sdk/zybo_design_1_wrapper.hdf.
21:31:48 INFO  : Checking for hwspec changes in the project zybo_design_1_wrapper_hw_platform_0.
09:03:22 INFO  : Registering command handlers for SDK TCF services
09:03:24 INFO  : Launching XSCT server: xsct -n -interactive /home/jltm/Documents/VivadoProjects/SecureBoot/SecureBoot.sdk/temp_xsdb_launch_script.tcl
09:03:30 INFO  : XSCT server has started successfully.
09:03:48 INFO  : Successfully done setting XSCT server connection channel  
09:03:48 INFO  : Processing command line option -hwspec /home/jltm/Documents/VivadoProjects/SecureBoot/SecureBoot.sdk/zybo_design_1_wrapper.hdf.
09:03:53 INFO  : Successfully done setting SDK workspace  
09:03:54 INFO  : Checking for hwspec changes in the project zybo_design_1_wrapper_hw_platform_0.
09:06:09 INFO  : Invoking Bootgen: bootgen -image HelloWorld.bif -arch zynq -o /home/jltm/Documents/VivadoProjects/SecureBoot/SecureBoot.sdk/HelloWorld/bootimage/BOOT.mcs
09:06:09 INFO  : Creating new bif file /home/jltm/Documents/VivadoProjects/SecureBoot/SecureBoot.sdk/HelloWorld/bootimage/HelloWorld.bif
09:06:09 INFO  : Bootgen command execution is done.
